Build started 14.09.2020 14:14:16.
     1>Project "c:\Users\klepo\documents\visual studio 2010\Projects\Money Converter\Money Converter\Money Converter.vcxproj" on node 2 (build target(s)).
     1>InitializeBuildStatus:
         Touching "Debug\Money Converter.unsuccessfulbuild".
       GenerateTargetFrameworkMonikerAttribute:
       Skipping target "GenerateTargetFrameworkMonikerAttribute" because all output files are up-to-date with respect to the input files.
       ClCompile:
         All outputs are up-to-date.
         c:\Program Files (x86)\Microsoft Visual Studio 10.0\VC\bin\CL.exe /c /AI"C:\Program Files (x86)\Reference Assemblies\Microsoft\Framework\.NETFramework\v4.0" /Zi /clr:pure /nologo /W3 /WX- /Od /Oy- /D WIN32 /D _DEBUG /D _UNICODE /D UNICODE /EHa /MDd /GS /fp:precise /Zc:wchar_t /Zc:forScope /Yu"StdAfx.h" /Fp"Debug\Money Converter.pch" /Fo"Debug\\" /Fd"Debug\vc100.pdb" /TP /FU"C:\Program Files (x86)\Reference Assemblies\Microsoft\Framework\.NETFramework\v4.0\System.Core.dll" /FU"C:\Program Files (x86)\Reference Assemblies\Microsoft\Framework\.NETFramework\v4.0\System.Data.dll" /FU"C:\Program Files (x86)\Reference Assemblies\Microsoft\Framework\.NETFramework\v4.0\System.dll" /FU"C:\Program Files (x86)\Reference Assemblies\Microsoft\Framework\.NETFramework\v4.0\System.Drawing.dll" /FU"C:\Program Files (x86)\Reference Assemblies\Microsoft\Framework\.NETFramework\v4.0\System.Windows.Forms.dll" /FU"C:\Program Files (x86)\Reference Assemblies\Microsoft\Framework\.NETFramework\v4.0\System.Xml.dll" /analyze- /errorReport:prompt "Money Converter.cpp" /clr:nostdlib 
         Money Converter.cpp
     1>c:\users\klepo\documents\visual studio 2010\projects\money converter\money converter\Form1.h(313): warning C4244: 'initializing' : conversion from 'double' to 'float', possible loss of data
         All outputs are up-to-date.
       CoreResGen:
         No resources are out of date with respect to their source files. Skipping resource generation.
       ResourceCompile:
         All outputs are up-to-date.
       Link:
         c:\Program Files (x86)\Microsoft Visual Studio 10.0\VC\bin\link.exe /ERRORREPORT:PROMPT /OUT:"c:\users\klepo\documents\visual studio 2010\Projects\Money Converter\Debug\Money Converter.exe" /INCREMENTAL /NOLOGO /ASSEMBLYRESOURCE:Debug\MoneyConverter.Form1.resources /MANIFEST /ManifestFile:"Debug\Money Converter.exe.intermediate.manifest" /MANIFESTUAC:"level='asInvoker' uiAccess='false'" /DEBUG /PDB:"c:\users\klepo\documents\visual studio 2010\Projects\Money Converter\Debug\Money Converter.pdb" /ASSEMBLYDEBUG /SUBSYSTEM:WINDOWS /TLBID:1 /ENTRY:"main" /DYNAMICBASE /FIXED:NO /NXCOMPAT /MACHINE:X86 Debug\app.res
         Debug\AssemblyInfo.obj
         "Debug\Money Converter.obj"
         Debug\stdafx.obj
         "Debug\.NETFramework,Version=v4.0.AssemblyAttributes.obj"
         Money Converter.vcxproj -> c:\users\klepo\documents\visual studio 2010\Projects\Money Converter\Debug\Money Converter.exe
       Manifest:
         c:\Program Files (x86)\Microsoft SDKs\Windows\v7.0A\bin\mt.exe /nologo /verbose /outputresource:"c:\users\klepo\documents\visual studio 2010\Projects\Money Converter\Debug\Money Converter.exe;#1" /manifest "Debug\Money Converter.exe.intermediate.manifest"
       FinalizeBuildStatus:
         Deleting file "Debug\Money Converter.unsuccessfulbuild".
         Touching "Debug\Money Converter.lastbuildstate".
     1>Done Building Project "c:\Users\klepo\documents\visual studio 2010\Projects\Money Converter\Money Converter\Money Converter.vcxproj" (build target(s)).

Build succeeded.

Time Elapsed 00:00:01.99
